This is TeX, Version 3.141592653 (TeX Live 2022/Arch Linux) (preloaded format=tex 2023.2.26)  6 MAR 2023 13:52
**project1_report.tex -shell-escape
(./project1_report.tex
! Undefined control sequence.
l.1 \documentclass
                  [11pt]{article}
? 
! Undefined control sequence.
l.3 \usepackage
               [utf8]{inputenc}
? 
! Undefined control sequence.
l.4 \usepackage
               {amsmath}
? 
! Undefined control sequence.
l.5 \usepackage
               {subcaption}
? 
! Undefined control sequence.
l.6 \usepackage
               {amsfonts}
? 
! Undefined control sequence.
l.7 \usepackage
               {amssymb}
? 
! Undefined control sequence.
l.8 \usepackage
               {physics}
? 
! Undefined control sequence.
l.9 \usepackage
               {graphicx}
? 
! Undefined control sequence.
l.10 \usepackage
                [left=2cm,right=2cm,top=2cm,bottom=2cm]{geometry}
? 
! Undefined control sequence.
l.11 \usepackage
                {multirow}
? 
! Undefined control sequence.
l.12 \usepackage
                {booktabs}
? 
! Undefined control sequence.
l.13 \usepackage
                {float}
? 
! Undefined control sequence.
l.14 \usepackage
                {verbatim}
? 
! Undefined control sequence.
l.15 \usepackage
                {amsthm}
? 
! Undefined control sequence.
l.16 \usepackage
                {minted}
? ^^A
Type <return> to proceed, S to scroll future error messages,
R to run without stopping, Q to run quietly,
I to insert something, E to edit your file,
1 or ... or 9 to ignore the next 1 to 9 tokens of input,
H for help, X to quit.
? 
! Emergency stop.
l.16 
     
End of file on the terminal!

No pages of output.
